{"C:/Users/nhcar/Documents/Github/discord-bot/src/commands/about.ts": {"path":"C:/Users/nhcar/Documents/Github/discord-bot/src/commands/about.ts","statementMap":{"0":{"start":{"line":1,"column":0},"end":{"line":1,"column":51}},"1":{"start":{"line":2,"column":0},"end":{"line":2,"column":20}},"2":{"start":{"line":4,"column":0},"end":{"line":4,"column":45}},"3":{"start":{"line":7,"column":13},"end":{"line":40,"column":2}},"4":{"start":{"line":12,"column":18},"end":{"line":12,"column":null}},"5":{"start":{"line":12,"column":10},"end":{"line":12,"column":null}},"6":{"start":{"line":13,"column":10},"end":{"line":37,"column":51}},"7":{"start":{"line":38,"column":4},"end":{"line":38,"column":37}},"8":{"start":{"line":42,"column":13},"end":{"line":46,"column":2}},"9":{"start":{"line":44,"column":4},"end":{"line":44,"column":36}}},"fnMap":{"0":{"name":"(anonymous_14)","decl":{"start":{"line":11,"column":11},"end":{"line":11,"column":27}},"loc":{"start":{"line":11,"column":34},"end":{"line":39,"column":null}}},"1":{"name":"(anonymous_17)","decl":{"start":{"line":43,"column":15},"end":{"line":43,"column":null}},"loc":{"start":{"line":43,"column":15},"end":{"line":45,"column":3}}}},"branchMap":{"0":{"loc":{"start":{"line":12,"column":18},"end":{"line":12,"column":null}},"type":"switch","locations":[{"start":{"line":12,"column":18},"end":{"line":12,"column":null}}]}},"s":{"0":1,"1":1,"2":1,"3":1,"4":0,"5":0,"6":0,"7":0,"8":1,"9":1},"f":{"0":0,"1":1},"b":{"0":[0]}}
,"C:/Users/nhcar/Documents/Github/discord-bot/src/commands/cat.ts": {"path":"C:/Users/nhcar/Documents/Github/discord-bot/src/commands/cat.ts","statementMap":{"0":{"start":{"line":4,"column":13},"end":{"line":20,"column":2}},"1":{"start":{"line":8,"column":16},"end":{"line":8,"column":47}},"2":{"start":{"line":9,"column":14},"end":{"line":9,"column":16}},"3":{"start":{"line":10,"column":4},"end":{"line":13,"column":null}},"4":{"start":{"line":10,"column":17},"end":{"line":10,"column":18}},"5":{"start":{"line":11,"column":19},"end":{"line":11,"column":54}},"6":{"start":{"line":12,"column":6},"end":{"line":12,"column":44}},"7":{"start":{"line":14,"column":4},"end":{"line":14,"column":30}},"8":{"start":{"line":15,"column":4},"end":{"line":18,"column":6}},"9":{"start":{"line":16,"column":12},"end":{"line":16,"column":null}},"10":{"start":{"line":22,"column":13},"end":{"line":32,"column":2}},"11":{"start":{"line":24,"column":16},"end":{"line":24,"column":47}},"12":{"start":{"line":25,"column":14},"end":{"line":25,"column":16}},"13":{"start":{"line":26,"column":4},"end":{"line":29,"column":null}},"14":{"start":{"line":26,"column":17},"end":{"line":26,"column":18}},"15":{"start":{"line":27,"column":19},"end":{"line":27,"column":54}},"16":{"start":{"line":28,"column":6},"end":{"line":28,"column":44}},"17":{"start":{"line":30,"column":4},"end":{"line":30,"column":15}}},"fnMap":{"0":{"name":"(anonymous_0)","decl":{"start":{"line":7,"column":11},"end":{"line":7,"column":21}},"loc":{"start":{"line":7,"column":28},"end":{"line":19,"column":3}}},"1":{"name":"(anonymous_1)","decl":{"start":{"line":16,"column":6},"end":{"line":16,"column":12}},"loc":{"start":{"line":16,"column":6},"end":{"line":16,"column":19}}},"2":{"name":"(anonymous_2)","decl":{"start":{"line":23,"column":15},"end":{"line":23,"column":null}},"loc":{"start":{"line":23,"column":15},"end":{"line":31,"column":3}}}},"branchMap":{},"s":{"0":1,"1":0,"2":0,"3":0,"4":0,"5":0,"6":0,"7":0,"8":0,"9":0,"10":1,"11":3,"12":3,"13":3,"14":3,"15":185,"16":185,"17":3},"f":{"0":0,"1":0,"2":3},"b":{}}
,"C:/Users/nhcar/Documents/Github/discord-bot/src/commands/fortune.ts": {"path":"C:/Users/nhcar/Documents/Github/discord-bot/src/commands/fortune.ts","statementMap":{"0":{"start":{"line":5,"column":13},"end":{"line":9,"column":2}},"1":{"start":{"line":10,"column":13},"end":{"line":19,"column":2}},"2":{"start":{"line":16,"column":18},"end":{"line":16,"column":61}},"3":{"start":{"line":17,"column":4},"end":{"line":17,"column":58}},"4":{"start":{"line":21,"column":13},"end":{"line":26,"column":2}},"5":{"start":{"line":23,"column":18},"end":{"line":23,"column":61}},"6":{"start":{"line":24,"column":4},"end":{"line":24,"column":27}}},"fnMap":{"0":{"name":"(anonymous_0)","decl":{"start":{"line":14,"column":11},"end":{"line":14,"column":21}},"loc":{"start":{"line":14,"column":28},"end":{"line":18,"column":3}}},"1":{"name":"(anonymous_1)","decl":{"start":{"line":22,"column":15},"end":{"line":22,"column":16}},"loc":{"start":{"line":22,"column":23},"end":{"line":25,"column":3}}}},"branchMap":{},"s":{"0":1,"1":1,"2":0,"3":0,"4":1,"5":2,"6":2},"f":{"0":0,"1":2},"b":{}}
,"C:/Users/nhcar/Documents/Github/discord-bot/src/commands/help.ts": {"path":"C:/Users/nhcar/Documents/Github/discord-bot/src/commands/help.ts","statementMap":{"0":{"start":{"line":1,"column":0},"end":{"line":1,"column":39}},"1":{"start":{"line":3,"column":0},"end":{"line":3,"column":42}},"2":{"start":{"line":5,"column":15},"end":{"line":5,"column":28}},"3":{"start":{"line":7,"column":13},"end":{"line":47,"column":2}},"4":{"start":{"line":14,"column":10},"end":{"line":14,"column":32}},"5":{"start":{"line":15,"column":10},"end":{"line":39,"column":47}},"6":{"start":{"line":41,"column":4},"end":{"line":41,"column":25}},"7":{"start":{"line":43,"column":4},"end":{"line":45,"column":6}},"8":{"start":{"line":49,"column":13},"end":{"line":53,"column":2}},"9":{"start":{"line":51,"column":4},"end":{"line":51,"column":58}}},"fnMap":{"0":{"name":"(anonymous_14)","decl":{"start":{"line":12,"column":11},"end":{"line":12,"column":27}},"loc":{"start":{"line":12,"column":34},"end":{"line":46,"column":null}}},"1":{"name":"(anonymous_17)","decl":{"start":{"line":50,"column":15},"end":{"line":50,"column":16}},"loc":{"start":{"line":50,"column":23},"end":{"line":52,"column":3}}}},"branchMap":{"0":{"loc":{"start":{"line":51,"column":11},"end":{"line":51,"column":30}},"type":"binary-expr","locations":[{"start":{"line":51,"column":11},"end":{"line":51,"column":30}},{"start":{"line":51,"column":34},"end":{"line":51,"column":57}}]},"1":{"loc":{"start":{"line":51,"column":26},"end":{"line":51,"column":28}},"type":"cond-expr","locations":[{"start":{"line":51,"column":26},"end":{"line":51,"column":28}},{"start":{"line":51,"column":26},"end":{"line":51,"column":30}}]},"2":{"loc":{"start":{"line":51,"column":11},"end":{"line":51,"column":28}},"type":"binary-expr","locations":[{"start":{"line":51,"column":11},"end":{"line":51,"column":28}},{"start":{"line":51,"column":26},"end":{"line":51,"column":28}}]},"3":{"loc":{"start":{"line":51,"column":18},"end":{"line":51,"column":20}},"type":"cond-expr","locations":[{"start":{"line":51,"column":18},"end":{"line":51,"column":20}},{"start":{"line":51,"column":11},"end":{"line":51,"column":26}}]},"4":{"loc":{"start":{"line":51,"column":11},"end":{"line":51,"column":20}},"type":"binary-expr","locations":[{"start":{"line":51,"column":11},"end":{"line":51,"column":20}},{"start":{"line":51,"column":11},"end":{"line":51,"column":20}}]}},"s":{"0":1,"1":1,"2":1,"3":1,"4":0,"5":0,"6":0,"7":0,"8":1,"9":1},"f":{"0":0,"1":1},"b":{"0":[1,0],"1":[0,1],"2":[1,1],"3":[0,1],"4":[1,1]}}
}
