{"C:/Users/nhcar/Documents/Github/discord-bot/src/commands/about.ts": {"path":"C:/Users/nhcar/Documents/Github/discord-bot/src/commands/about.ts","statementMap":{"0":{"start":{"line":1,"column":0},"end":{"line":1,"column":42}},"1":{"start":{"line":2,"column":0},"end":{"line":2,"column":20}},"2":{"start":{"line":4,"column":0},"end":{"line":4,"column":45}},"3":{"start":{"line":6,"column":13},"end":{"line":40,"column":2}},"4":{"start":{"line":11,"column":18},"end":{"line":11,"column":null}},"5":{"start":{"line":11,"column":10},"end":{"line":11,"column":null}},"6":{"start":{"line":12,"column":10},"end":{"line":36,"column":51}},"7":{"start":{"line":37,"column":4},"end":{"line":37,"column":64}},"8":{"start":{"line":37,"column":31},"end":{"line":37,"column":64}},"9":{"start":{"line":38,"column":4},"end":{"line":38,"column":31}}},"fnMap":{"0":{"name":"(anonymous_14)","decl":{"start":{"line":10,"column":11},"end":{"line":10,"column":27}},"loc":{"start":{"line":10,"column":34},"end":{"line":39,"column":null}}}},"branchMap":{"0":{"loc":{"start":{"line":11,"column":18},"end":{"line":11,"column":null}},"type":"switch","locations":[{"start":{"line":11,"column":18},"end":{"line":11,"column":null}}]},"1":{"loc":{"start":{"line":37,"column":4},"end":{"line":37,"column":64}},"type":"if","locations":[{"start":{"line":37,"column":4},"end":{"line":37,"column":64}},{"start":{"line":37,"column":4},"end":{"line":37,"column":64}}]}},"s":{"0":1,"1":1,"2":1,"3":1,"4":1,"5":1,"6":1,"7":1,"8":0,"9":1},"f":{"0":1},"b":{"0":[1],"1":[0,1]}}
,"C:/Users/nhcar/Documents/Github/discord-bot/src/commands/cat.ts": {"path":"C:/Users/nhcar/Documents/Github/discord-bot/src/commands/cat.ts","statementMap":{"0":{"start":{"line":3,"column":13},"end":{"line":22,"column":2}},"1":{"start":{"line":7,"column":16},"end":{"line":7,"column":47}},"2":{"start":{"line":8,"column":14},"end":{"line":8,"column":16}},"3":{"start":{"line":9,"column":4},"end":{"line":12,"column":null}},"4":{"start":{"line":9,"column":17},"end":{"line":9,"column":18}},"5":{"start":{"line":10,"column":19},"end":{"line":10,"column":54}},"6":{"start":{"line":11,"column":6},"end":{"line":11,"column":44}},"7":{"start":{"line":13,"column":4},"end":{"line":19,"column":null}},"8":{"start":{"line":14,"column":6},"end":{"line":14,"column":32}},"9":{"start":{"line":15,"column":6},"end":{"line":18,"column":8}},"10":{"start":{"line":16,"column":14},"end":{"line":16,"column":null}},"11":{"start":{"line":20,"column":4},"end":{"line":20,"column":15}}},"fnMap":{"0":{"name":"(anonymous_0)","decl":{"start":{"line":6,"column":11},"end":{"line":6,"column":21}},"loc":{"start":{"line":6,"column":28},"end":{"line":21,"column":3}}},"1":{"name":"(anonymous_1)","decl":{"start":{"line":16,"column":8},"end":{"line":16,"column":14}},"loc":{"start":{"line":16,"column":8},"end":{"line":16,"column":21}}}},"branchMap":{"0":{"loc":{"start":{"line":13,"column":4},"end":{"line":19,"column":null}},"type":"if","locations":[{"start":{"line":13,"column":4},"end":{"line":19,"column":null}},{"start":{"line":13,"column":4},"end":{"line":19,"column":null}}]}},"s":{"0":1,"1":1,"2":1,"3":1,"4":1,"5":4,"6":4,"7":1,"8":0,"9":0,"10":0,"11":1},"f":{"0":1,"1":0},"b":{"0":[0,1]}}
,"C:/Users/nhcar/Documents/Github/discord-bot/src/commands/fortune.ts": {"path":"C:/Users/nhcar/Documents/Github/discord-bot/src/commands/fortune.ts","statementMap":{"0":{"start":{"line":4,"column":13},"end":{"line":8,"column":2}},"1":{"start":{"line":9,"column":13},"end":{"line":20,"column":2}},"2":{"start":{"line":15,"column":18},"end":{"line":15,"column":61}},"3":{"start":{"line":16,"column":4},"end":{"line":17,"column":60}},"4":{"start":{"line":17,"column":6},"end":{"line":17,"column":60}},"5":{"start":{"line":18,"column":4},"end":{"line":18,"column":27}}},"fnMap":{"0":{"name":"(anonymous_0)","decl":{"start":{"line":13,"column":11},"end":{"line":13,"column":21}},"loc":{"start":{"line":13,"column":28},"end":{"line":19,"column":3}}}},"branchMap":{"0":{"loc":{"start":{"line":16,"column":4},"end":{"line":17,"column":60}},"type":"if","locations":[{"start":{"line":16,"column":4},"end":{"line":17,"column":60}},{"start":{"line":16,"column":4},"end":{"line":17,"column":60}}]}},"s":{"0":1,"1":1,"2":1,"3":1,"4":0,"5":1},"f":{"0":1},"b":{"0":[0,1]}}
,"C:/Users/nhcar/Documents/Github/discord-bot/src/commands/help.ts": {"path":"C:/Users/nhcar/Documents/Github/discord-bot/src/commands/help.ts","statementMap":{"0":{"start":{"line":1,"column":0},"end":{"line":1,"column":39}},"1":{"start":{"line":3,"column":0},"end":{"line":3,"column":42}},"2":{"start":{"line":4,"column":0},"end":{"line":4,"column":20}},"3":{"start":{"line":5,"column":15},"end":{"line":5,"column":28}},"4":{"start":{"line":7,"column":13},"end":{"line":67,"column":2}},"5":{"start":{"line":14,"column":10},"end":{"line":14,"column":32}},"6":{"start":{"line":15,"column":10},"end":{"line":15,"column":50}},"7":{"start":{"line":16,"column":8},"end":{"line":16,"column":18}},"8":{"start":{"line":17,"column":19},"end":{"line":24,"column":null}},"9":{"start":{"line":20,"column":10},"end":{"line":22,"column":12}},"10":{"start":{"line":23,"column":10},"end":{"line":23,"column":27}},"11":{"start":{"line":17,"column":12},"end":{"line":24,"column":null}},"12":{"start":{"line":25,"column":6},"end":{"line":25,"column":31}},"13":{"start":{"line":25,"column":17},"end":{"line":25,"column":31}},"14":{"start":{"line":26,"column":12},"end":{"line":26,"column":50}},"15":{"start":{"line":27,"column":12},"end":{"line":29,"column":31}},"16":{"start":{"line":30,"column":6},"end":{"line":30,"column":39}},"17":{"start":{"line":31,"column":6},"end":{"line":31,"column":20}},"18":{"start":{"line":33,"column":10},"end":{"line":57,"column":47}},"19":{"start":{"line":59,"column":4},"end":{"line":59,"column":52}},"20":{"start":{"line":59,"column":31},"end":{"line":59,"column":52}},"21":{"start":{"line":61,"column":4},"end":{"line":64,"column":8}},"22":{"start":{"line":62,"column":6},"end":{"line":64,"column":8}},"23":{"start":{"line":65,"column":4},"end":{"line":65,"column":29}}},"fnMap":{"0":{"name":"(anonymous_14)","decl":{"start":{"line":12,"column":11},"end":{"line":12,"column":27}},"loc":{"start":{"line":12,"column":34},"end":{"line":66,"column":null}}},"1":{"name":"(anonymous_17)","decl":{"start":{"line":19,"column":15},"end":{"line":19,"column":16}},"loc":{"start":{"line":19,"column":19},"end":{"line":24,"column":9}}}},"branchMap":{"0":{"loc":{"start":{"line":16,"column":8},"end":{"line":16,"column":18}},"type":"if","locations":[{"start":{"line":16,"column":8},"end":{"line":16,"column":18}},{"start":{"line":16,"column":8},"end":{"line":16,"column":18}}]},"1":{"loc":{"start":{"line":25,"column":6},"end":{"line":25,"column":31}},"type":"if","locations":[{"start":{"line":25,"column":6},"end":{"line":25,"column":31}},{"start":{"line":25,"column":6},"end":{"line":25,"column":31}}]},"2":{"loc":{"start":{"line":59,"column":4},"end":{"line":59,"column":52}},"type":"if","locations":[{"start":{"line":59,"column":4},"end":{"line":59,"column":52}},{"start":{"line":59,"column":4},"end":{"line":59,"column":52}}]},"3":{"loc":{"start":{"line":61,"column":4},"end":{"line":64,"column":8}},"type":"if","locations":[{"start":{"line":61,"column":4},"end":{"line":64,"column":8}},{"start":{"line":61,"column":4},"end":{"line":64,"column":8}}]}},"s":{"0":1,"1":1,"2":1,"3":1,"4":1,"5":1,"6":1,"7":0,"8":0,"9":0,"10":0,"11":0,"12":0,"13":0,"14":0,"15":0,"16":0,"17":0,"18":0,"19":0,"20":0,"21":0,"22":0,"23":0},"f":{"0":1,"1":0},"b":{"0":[0,0],"1":[0,0],"2":[0,0],"3":[0,0]}}
,"C:/Users/nhcar/Documents/Github/discord-bot/src/commands/kirby.ts": {"path":"C:/Users/nhcar/Documents/Github/discord-bot/src/commands/kirby.ts","statementMap":{"0":{"start":{"line":3,"column":13},"end":{"line":17,"column":2}},"1":{"start":{"line":8,"column":4},"end":{"line":14,"column":null}},"2":{"start":{"line":9,"column":6},"end":{"line":9,"column":63}},"3":{"start":{"line":10,"column":6},"end":{"line":10,"column":62}},"4":{"start":{"line":10,"column":23},"end":{"line":10,"column":56}},"5":{"start":{"line":11,"column":6},"end":{"line":11,"column":62}},"6":{"start":{"line":11,"column":23},"end":{"line":11,"column":56}},"7":{"start":{"line":12,"column":6},"end":{"line":12,"column":62}},"8":{"start":{"line":12,"column":23},"end":{"line":12,"column":56}},"9":{"start":{"line":13,"column":6},"end":{"line":13,"column":62}},"10":{"start":{"line":13,"column":23},"end":{"line":13,"column":56}},"11":{"start":{"line":15,"column":4},"end":{"line":15,"column":32}}},"fnMap":{"0":{"name":"(anonymous_0)","decl":{"start":{"line":7,"column":11},"end":{"line":7,"column":21}},"loc":{"start":{"line":7,"column":28},"end":{"line":16,"column":3}}},"1":{"name":"(anonymous_1)","decl":{"start":{"line":10,"column":17},"end":{"line":10,"column":23}},"loc":{"start":{"line":10,"column":17},"end":{"line":10,"column":30}}},"2":{"name":"(anonymous_2)","decl":{"start":{"line":11,"column":17},"end":{"line":11,"column":23}},"loc":{"start":{"line":11,"column":17},"end":{"line":11,"column":30}}},"3":{"name":"(anonymous_3)","decl":{"start":{"line":12,"column":17},"end":{"line":12,"column":23}},"loc":{"start":{"line":12,"column":17},"end":{"line":12,"column":30}}},"4":{"name":"(anonymous_4)","decl":{"start":{"line":13,"column":17},"end":{"line":13,"column":23}},"loc":{"start":{"line":13,"column":17},"end":{"line":13,"column":30}}}},"branchMap":{"0":{"loc":{"start":{"line":8,"column":4},"end":{"line":14,"column":null}},"type":"if","locations":[{"start":{"line":8,"column":4},"end":{"line":14,"column":null}},{"start":{"line":8,"column":4},"end":{"line":14,"column":null}}]}},"s":{"0":1,"1":1,"2":0,"3":0,"4":0,"5":0,"6":0,"7":0,"8":0,"9":0,"10":0,"11":1},"f":{"0":1,"1":0,"2":0,"3":0,"4":0},"b":{"0":[0,1]}}
}
